mode: set
github.com/AB-Rhman/simple-go/main.go:13.13,30.16 8 0
github.com/AB-Rhman/simple-go/main.go:30.16,32.3 1 0
github.com/AB-Rhman/simple-go/main.go:34.2,35.57 2 0
github.com/AB-Rhman/simple-go/main.go:35.57,37.3 1 0
github.com/AB-Rhman/simple-go/db/db.go:16.15,26.16 4 0
github.com/AB-Rhman/simple-go/db/db.go:26.16,28.3 1 0
github.com/AB-Rhman/simple-go/db/db.go:31.2,37.16 2 0
github.com/AB-Rhman/simple-go/db/db.go:37.16,39.3 1 0
github.com/AB-Rhman/simple-go/db/db.go:41.2,41.26 1 0
github.com/AB-Rhman/simple-go/db/db.go:48.59,50.16 2 0
github.com/AB-Rhman/simple-go/db/db.go:50.16,52.3 1 0
github.com/AB-Rhman/simple-go/db/db.go:53.2,56.18 3 0
github.com/AB-Rhman/simple-go/db/db.go:56.18,58.58 2 0
github.com/AB-Rhman/simple-go/db/db.go:58.58,60.4 1 0
github.com/AB-Rhman/simple-go/db/db.go:61.3,61.30 1 0
github.com/AB-Rhman/simple-go/db/db.go:63.2,63.19 1 0
github.com/AB-Rhman/simple-go/db/db.go:66.57,69.2 2 0
github.com/AB-Rhman/simple-go/db/db.go:71.50,74.2 2 0
github.com/AB-Rhman/simple-go/handlers/handlers.go:24.33,26.2 1 1
github.com/AB-Rhman/simple-go/handlers/handlers.go:29.68,31.16 2 1
github.com/AB-Rhman/simple-go/handlers/handlers.go:31.16,34.3 2 0
github.com/AB-Rhman/simple-go/handlers/handlers.go:35.2,35.34 1 1
github.com/AB-Rhman/simple-go/handlers/handlers.go:39.70,41.62 2 1
github.com/AB-Rhman/simple-go/handlers/handlers.go:41.62,44.3 2 1
github.com/AB-Rhman/simple-go/handlers/handlers.go:45.2,45.46 1 1
github.com/AB-Rhman/simple-go/handlers/handlers.go:45.46,48.3 2 0
github.com/AB-Rhman/simple-go/handlers/handlers.go:49.2,49.35 1 1
github.com/AB-Rhman/simple-go/handlers/handlers.go:53.70,55.44 2 1
github.com/AB-Rhman/simple-go/handlers/handlers.go:55.44,58.3 2 0
github.com/AB-Rhman/simple-go/handlers/handlers.go:59.2,59.37 1 1
